Watch is ON 
Collapsing trees with TBR 
Time reset 
Tree file: tmp.tre 
tsave 0.00 secs. 
Record search status: every 1 rep(s). 


        ------------------------------------------------------------
        Search routine used: 
           finding optimal score 20 times independently, using defaults
           of "xmult" plus 10 cycles of tree-drifting (Goloboff
           1999).
           Note: for consensus calculation, trees TBR-collapsed. 
           ALSO NOTE: THIS IS AN OVERKILL FOR MOST DATA SETS!
        ------------------------------------------------------------ 
Space for 100 trees in memory 
Repl. Algor.     Tree        Score       Best Score   Time       Rearrangs.
0     FUSE       5           330         330          0:00:00    54,414        
1     FUSE       5           330         330          0:00:00    108,720       
2     FUSE       5           330         330          0:00:00    163,080       
3     FUSE       5           330         330          0:00:00    217,494       
4     FUSE       5           330         330          0:00:00    271,908       
5     FUSE       5           330         330          0:00:00    326,322       
6     FUSE       5           330         330          0:00:00    380,736       
7     FUSE       5           330         330          0:00:00    435,150       
8     FUSE       5           330         330          0:00:00    489,618       
9     FUSE       5           330         330          0:00:00    543,870       
10    FUSE       5           330         330          0:00:00    598,068       
11    FUSE       5           330         330          0:00:00    652,482       
12    FUSE       5           330         330          0:00:00    706,896       
13    FUSE       5           330         330          0:00:00    761,148       
14    FUSE       5           330         330          0:00:00    815,508       
15    FUSE       5           330         330          0:00:00    869,868       
16    FUSE       5           330         330          0:00:00    924,390       
17    FUSE       5           330         330          0:00:00    978,804       
18    FUSE       5           330         330          0:00:00    1,033,002     
19    FUSE       5           330         330          0:00:00    1,087,416     
19    FUSE       5           ------      330          0:00:00    1,087,416     
Completed search.
Total rearrangements examined: 1,087,416. 
No target score defined.  Best score hit 20 times.
Best score: 330.  1 trees retained. 
xmult 0.00 secs. 
1 trees saved to tmp.tre           
save 0.00 secs. 
 
Note: for consensus calculation, trees will be 
temporarily collapsed (with TBR) 
Strict consensus of 1 trees (0 taxa excluded) calculated, as tree 1 
nelsen 0.00 secs. 


        ------------------------------------------------------------
        Synapomorphies of 1 trees plotted on the strict 
        consensus.  Only unambiguous synapomorphies, occuring in 
        every tree, are indicated. This makes results much more 
        conservative! 
        ------------------------------------------------------------ 
Collapsing branches with no possible support ("rule 3") 
 
Synapomorphies common to 1 trees 
   ,-- 0
   |                           ,-- 7
|--|  ,--0\4\8\18\38\73\129\213--- 6
   |  |                                           ,-- 9
   `--|                                           |                                                            ,-- 4
      `--1\2\5\6\15\16\35\36\70\71\126\127\210\211|                                                            |                                                                     ,-- 8
                                                  `--9\10\12\19\20\22\39\40\42\74\75\77\130\131\133\214\215\217|                                                                     |                                                                            ,-- 10
                                                                                                               `--31\32\33\34\51\52\53\54\86\87\88\89\142\143\144\145\226\227\228\229|                                                                            |                                                                                                                                                           ,-- 2
                                                                                                                                                                                     `--65\66\67\68\69\100\101\102\103\104\156\157\158\159\160\240\241\242\243\244|                                                                                                 ,--203\204\205\206\207\208\209\287\288\289\290\291\292\293--- 3
                                                                                                                                                                                                                                                                  `--176\177\178\179\180\181\197\198\199\200\201\202\260\261\262\263\264\265\281\282\283\284\285\286|                                                         ,-- 5
                                                                                                                                                                                                                                                                                                                                                                    `--315\316\317\318\319\320\321\322\323\324\325\326\327\328--- 1
apo 0.00 secs. 
Collapsing trees with TBR 
Selecting tree(s) 1,  
1 trees selected 
Closing tmp.tre (with 1 trees saved)
tsave 0.00 secs. 


        ------------------------------------------------------------
        Group supports are calculated by TBR-swapping the trees
        found, keeping note of the number of steps needed to
        loose each group.  The labels on branches show absolute
        and relative bremer supports (Goloboff & Farris 2001).
        Groups indicated with a question mark (?) are those
        for which the absolute bremer supports appear to be
        10 or more... 
        ------------------------------------------------------------ 
Suboptimal 10.000 x 0.000 
Reading from tmp.tre 
'tree(s) from TNT, for data in data/tnt_matrix/tnt_matrix_n11.tnt'
1 trees read (trees 1-1) 
tread 0.00 secs. 
Again reading from aquickie.run 
Copied legends: "Bremer supports (from 8 trees, cut 0)" 
bsupport 0.00 secs. 
Suboptimal 10.000 x 0.900 
Note: TBR-swapping used to approximate supports 
Copied legends: "Relative bremer supports (from 0 trees, cut 0)" 
bsupport 0.00 secs. 
 
Bremer supports (from 8 trees, cut 0)/Relative bremer supports (from 0 trees, cut 0) 
    ,--/ 0
    |                   ,--/ 7
|--/|          ,--8/100?---/ 6
    |          |          ,--/ 9
    `--10?/100?|          |          ,--/ 4
               `--10?/100?|          |          ,--/ 8
                          `--10?/100?|          |          ,--/ 10
                                     `--10?/100?|          |                     ,--/ 2
                                                `--10?/100?|          ,--10?/100?---/ 3
                                                           `--10?/100?|          ,--/ 5
                                                                      `--10?/100?---/ 1
Suboptimal 0.000 x 0.900 
1 trees in memory 
 
WARNING: 
Existing tree-tags will be erased 
 


        ------------------------------------------------------------
        Resampling is done with 100 replications of symmetric 
        resampling (see Goloboff et al. 2003), analyzing each data 
        set with a single random addition sequence plus TBR
        (collapsing the resulting tree with TBR, see Goloboff &
        Farris, 2001).  The labels on branches show frequency and 
        frequency differences (see Goloboff et al. 2003).
        ------------------------------------------------------------ 
Collapsing trees with TBR 
Copied legends: "Group freqs., 100 replicates, cut=50 (tree 0) - Symmetric Resampling (P=33)" 
Copied legends: "GC values, 100 replicates, cut=0 (tree 1) - Symmetric Resampling (P=33)" 
 
0.00 secs. to complete resampling 
1 trees in memory 
 
Group freqs., 100 replicates, cut=50 (tree 0) - Symmetric Resampling (P=33)/GC values, 100 replicates, cut=0 (tree 1) - Symmetric Resampling (P=33) 
    ,--/ 0
    |                   ,--/ 7
|--/|         ,--100/100---/ 6
    |         |         ,--/ 9
    `--100/100|         |         ,--/ 4
              `--100/100|         |         ,--/ 8
                        `--100/100|         |         ,--/ 10
                                  `--100/100|         |                   ,--/ 2
                                            `--100/100|         ,--100/100---/ 3
                                                      `--100/100|         ,--/ 5
                                                                `--100/100---/ 1
Saved trees (Nexus format) to file aquickie.tre 
Results saved (as text) to file aquickie.out 

