Watch is ON 
Collapsing trees with TBR 
Time reset 
Tree file: tmp.tre 
tsave 0.00 secs. 
Record search status: every 1 rep(s). 


        ------------------------------------------------------------
        Search routine used: 
           finding optimal score 20 times independently, using defaults
           of "xmult" plus 10 cycles of tree-drifting (Goloboff
           1999).
           Note: for consensus calculation, trees TBR-collapsed. 
           ALSO NOTE: THIS IS AN OVERKILL FOR MOST DATA SETS!
        ------------------------------------------------------------ 
Space for 1000 trees in memory 
Repl. Algor.     Tree        Score       Best Score   Time       Rearrangs.
0     FUSE       5           715         715          0:00:00    78,996        
1     FUSE       5           715         715          0:00:00    158,058       
2     FUSE       5           715         715          0:00:00    236,874       
3     FUSE       5           715         715          0:00:00    315,882       
4     FUSE       5           715         715          0:00:00    394,692       
5     FUSE       5           715         715          0:00:00    473,832       
6     FUSE       5           715         715          0:00:00    552,918       
7     FUSE       5           715         715          0:00:00    631,914       
8     FUSE       5           715         715          0:00:01    710,742       
9     FUSE       5           715         715          0:00:01    789,672       
10    FUSE       5           715         715          0:00:01    868,758       
11    FUSE       5           715         715          0:00:01    947,856       
12    FUSE       5           715         715          0:00:01    1,026,810     
13    FUSE       5           715         715          0:00:01    1,105,584     
14    FUSE       5           715         715          0:00:01    1,184,670     
15    FUSE       5           715         715          0:00:01    1,263,588     
16    FUSE       5           715         715          0:00:01    1,342,584     
17    FUSE       5           715         715          0:00:01    1,421,406     
18    FUSE       5           715         715          0:00:01    1,500,168     
19    FUSE       5           715         715          0:00:01    1,579,290     
19    FUSE       5           ------      715          0:00:01    1,579,290     
Completed search.
Total rearrangements examined: 1,579,290. 
No target score defined.  Best score hit 20 times.
Best score: 715.  1 trees retained. 
xmult 1.00 secs. 
1 trees saved to tmp.tre           
save 0.00 secs. 
 
Note: for consensus calculation, trees will be 
temporarily collapsed (with TBR) 
Strict consensus of 1 trees (0 taxa excluded) calculated, as tree 1 
nelsen 0.00 secs. 


        ------------------------------------------------------------
        Synapomorphies of 1 trees plotted on the strict 
        consensus.  Only unambiguous synapomorphies, occuring in 
        every tree, are indicated. This makes results much more 
        conservative! 
        ------------------------------------------------------------ 
Collapsing branches with no possible support ("rule 3") 
 
Synapomorphies common to 1 trees 
   ,-- 12
   |  ,-- 6
|--|  |                                                                                                                                                   ,-- 9
   |  |                                                                         ,--696\697\698\699\700\701\702\703\704\705\706\707\708\709\710\711\712\713--- 7
   `--|                                                                         |                                                                                                                                                                                                                                                                                                                                                                                                                                                                                                                                                                                   ,-- 10
      |                                                                         |                                                                                                                                                                                                                                                                                                                                 ,--156\157\158\159\160\171\172\173\174\175\192\193\194\195\196\240\241\242\243\244\255\256\257\258\259\276\277\278\279\280\360\361\362\363\364\375\376\377\378\379\396\397\398\399\400\525\526\527\528\529\540\541\542\543\544\561\562\563\564\565|                                                                    ,-- 2
      `--486\487\488\489\490\491\492\493\494\651\652\653\654\655\656\657\658\659|                                                                                                                                                                                                                                                                                                                                 |                                                                                                                                                                                                                                                 `--65\66\67\68\69\100\101\102\103\104\181\202\265\286\385\406\550\571|                                         ,-- 11
                                                                                |                                                                                                                                                                                                                                                                                                                                 |                                                                                                                                                                                                                                                                                                                      `--120\121\122\123\124\125\209\293\413\578--- 5
                                                                                `--424\425\426\427\428\429\430\431\432\433\435\436\437\438\439\442\443\444\445\446\460\461\462\463\464\465\466\467\468\469\471\472\473\474\475\478\479\480\481\482\589\590\591\592\593\594\595\596\597\598\600\601\602\603\604\607\608\609\610\611\625\626\627\628\629\630\631\632\633\634\636\637\638\639\640\643\644\645\646\647|                                                                                                                                                                                                                                                                 ,-- 4
                                                                                                                                                                                                                                                                                                                                                                                                                  |                                                                                                                                                                                                                                                                 |                                                                                                                                                                            ,-- 3
                                                                                                                                                                                                                                                                                                                                                                                                                  `--136\137\139\142\146\147\149\152\161\162\164\167\182\183\185\188\220\221\223\226\230\231\233\236\245\246\248\251\266\267\269\272\340\341\343\346\350\351\353\356\365\366\368\371\386\387\389\392\505\506\508\511\515\516\518\521\530\531\533\536\551\552\554\557|                                                                                                              ,--2\3\13\14\23\24\43\44\78\79\134\135\218\219\338\339\503\504--- 1
                                                                                                                                                                                                                                                                                                                                                                                                                                                                                                                                                                                                                                                                                    `--6\7\9\10\16\17\19\20\36\37\39\40\71\72\74\75\127\128\130\131\211\212\214\215\331\332\334\335\496\497\499\500|                                                            ,-- 0
                                                                                                                                                                                                                                                                                                                                                                                                                                                                                                                                                                                                                                                                                                                                                                                                   `--0\1\8\11\18\21\38\41\73\76\129\132\213\216\333\336\498\501--- 8
apo 0.00 secs. 
Collapsing trees with TBR 
Selecting tree(s) 1,  
1 trees selected 
Closing tmp.tre (with 1 trees saved)
tsave 0.00 secs. 


        ------------------------------------------------------------
        Group supports are calculated by TBR-swapping the trees
        found, keeping note of the number of steps needed to
        loose each group.  The labels on branches show absolute
        and relative bremer supports (Goloboff & Farris 2001).
        Groups indicated with a question mark (?) are those
        for which the absolute bremer supports appear to be
        10 or more... 
        ------------------------------------------------------------ 
Suboptimal 10.000 x 0.000 
Reading from tmp.tre 
'tree(s) from TNT, for data in data/tnt_matrix/tnt_matrix_n13.tnt'
1 trees read (trees 1-1) 
tread 0.00 secs. 
Again reading from aquickie.run 
Copied legends: "Bremer supports (from 8 trees, cut 0)" 
bsupport 0.00 secs. 
Suboptimal 10.000 x 0.900 
Note: TBR-swapping used to approximate supports 
Copied legends: "Relative bremer supports (from 0 trees, cut 0)" 
bsupport 0.00 secs. 
 
Bremer supports (from 8 trees, cut 0)/Relative bremer supports (from 0 trees, cut 0) 
    ,--/ 12
    |          ,--/ 6
|--/|          |                     ,--/ 9
    |          |          ,--10?/100?---/ 7
    `--10?/100?|          |                     ,--/ 10
               |          |          ,--10?/100?|          ,--/ 2
               `--10?/100?|          |          `--10?/100?|         ,--/ 11
                          |          |                     `--10/100?---/ 5
                          `--10?/100?|          ,--/ 4
                                     |          |                     ,--/ 3
                                     `--10?/100?|          ,--10?/100?---/ 1
                                                `--10?/100?|          ,--/ 0
                                                           `--10?/100?---/ 8
Suboptimal 0.000 x 0.900 
1 trees in memory 
 
WARNING: 
Existing tree-tags will be erased 
 


        ------------------------------------------------------------
        Resampling is done with 100 replications of symmetric 
        resampling (see Goloboff et al. 2003), analyzing each data 
        set with a single random addition sequence plus TBR
        (collapsing the resulting tree with TBR, see Goloboff &
        Farris, 2001).  The labels on branches show frequency and 
        frequency differences (see Goloboff et al. 2003).
        ------------------------------------------------------------ 
Collapsing trees with TBR 
Copied legends: "Group freqs., 100 replicates, cut=50 (tree 0) - Symmetric Resampling (P=33)" 
Copied legends: "GC values, 100 replicates, cut=0 (tree 1) - Symmetric Resampling (P=33)" 
 
0.00 secs. to complete resampling 
1 trees in memory 
 
Group freqs., 100 replicates, cut=50 (tree 0) - Symmetric Resampling (P=33)/GC values, 100 replicates, cut=0 (tree 1) - Symmetric Resampling (P=33) 
    ,--/ 12
    |         ,--/ 6
|--/|         |                   ,--/ 9
    |         |         ,--100/100---/ 7
    `--100/100|         |                   ,--/ 10
              |         |         ,--100/100|         ,--/ 2
              `--100/100|         |         `--100/100|         ,--/ 11
                        |         |                   `--100/100---/ 5
                        `--100/100|         ,--/ 4
                                  |         |                   ,--/ 3
                                  `--100/100|         ,--100/100---/ 1
                                            `--100/100|         ,--/ 0
                                                      `--100/100---/ 8
Saved trees (Nexus format) to file aquickie.tre 
Results saved (as text) to file aquickie.out 

