Watch is ON 
Collapsing trees with TBR 
Time reset 
Tree file: tmp.tre 
tsave 0.00 secs. 
Record search status: every 1 rep(s). 


        ------------------------------------------------------------
        Search routine used: 
           finding optimal score 20 times independently, using defaults
           of "xmult" plus 10 cycles of tree-drifting (Goloboff
           1999).
           Note: for consensus calculation, trees TBR-collapsed. 
           ALSO NOTE: THIS IS AN OVERKILL FOR MOST DATA SETS!
        ------------------------------------------------------------ 
Space for 1000 trees in memory 
Repl. Algor.     Tree        Score       Best Score   Time       Rearrangs.
0     FUSE       5           2380        2380         0:00:00    198,570       
1     FUSE       5           2380        2380         0:00:00    396,978       
2     FUSE       5           2380        2380         0:00:00    595,188       
3     FUSE       5           2380        2380         0:00:00    793,350       
4     FUSE       5           2380        2380         0:00:00    991,530       
5     FUSE       5           2380        2380         0:00:01    1,190,040     
6     FUSE       5           2380        2380         0:00:01    1,388,052     
7     FUSE       5           2380        2380         0:00:01    1,586,490     
8     FUSE       5           2380        2380         0:00:01    1,784,454     
9     FUSE       5           2380        2380         0:00:01    1,982,736     
10    FUSE       5           2380        2380         0:00:01    2,180,586     
11    FUSE       5           2380        2380         0:00:01    2,378,760     
12    FUSE       5           2380        2380         0:00:01    2,577,282     
13    FUSE       5           2380        2380         0:00:02    2,775,900     
14    FUSE       5           2380        2380         0:00:02    2,974,770     
15    FUSE       5           2380        2380         0:00:02    3,173,352     
16    FUSE       5           2380        2380         0:00:02    3,372,000     
17    FUSE       5           2380        2380         0:00:02    3,570,570     
18    FUSE       5           2380        2380         0:00:02    3,769,128     
19    FUSE       5           2380        2380         0:00:02    3,967,242     
19    FUSE       5           ------      2380         0:00:02    3,967,242     
Completed search.
Total rearrangements examined: 3,967,242. 
No target score defined.  Best score hit 20 times.
Best score: 2380.  1 trees retained. 
xmult 2.00 secs. 
1 trees saved to tmp.tre           
save 0.00 secs. 
 
Note: for consensus calculation, trees will be 
temporarily collapsed (with TBR) 
Strict consensus of 1 trees (0 taxa excluded) calculated, as tree 1 
nelsen 0.00 secs. 


        ------------------------------------------------------------
        Synapomorphies of 1 trees plotted on the strict 
        consensus.  Only unambiguous synapomorphies, occuring in 
        every tree, are indicated. This makes results much more 
        conservative! 
        ------------------------------------------------------------ 
Collapsing branches with no possible support ("rule 3") 
 
Synapomorphies common to 1 trees 
   ,-- 13
   |  ,-- 7
|--|  |                                                    ,-- 0
   `--|                                                    |                                                                                                                                                                                                                                                                                                                                                                                                                                                                                                                                                                                                                                                                                                                                                                                                                                                                                                                                                ,-- 9
      |                                                    |                                                                                                                                                                                                                                                                                                                                                                                                                                                                                                                                                                                                                                                                                                                                                                                                                                                                                                                                                |                                                                                                                                                                                                                                                                                                                                                                                                                                                      ,-- 10
      `--3\4\14\24\44\79\135\219\339\504\724\1010\1374\1829|                                                                                                                                                                                                                                                                                                                                                                                                                   ,--26\27\28\29\31\32\46\47\48\49\51\52\81\82\83\84\86\87\137\138\139\140\142\143\221\222\223\224\226\227\362\363\364\377\378\379\398\399\400\426\427\428\462\463\464\527\528\529\542\543\544\563\564\565\591\592\593\627\628\629\747\748\749\762\763\764\783\784\785\811\812\813\847\848\849\1033\1034\1035\1048\1049\1050\1069\1070\1071\1097\1098\1099\1133\1134\1135\1397\1398\1399\1412\1413\1414\1433\1434\1435\1461\1462\1463\1497\1498\1499\1852\1853\1854\1867\1868\1869\1888\1889\1890\1916\1917\1918\1952\1953\1954|                                                                                                                                                                                                                                                                                           ,--120\121\122\123\124\125\176\177\178\179\180\181\260\261\262\263\264\265\413\441\477\578\606\642\798\826\862\1084\1112\1148\1448\1476\1512\1903\1931\1967--- 4
                                                           |                                                                                                                                                                                                                                                                                                                                                                                                                   |                                                                                                                                                                                                                                                                                                                                                                                                                                                                                                                            `--100\101\102\103\104\115\116\117\118\119\156\157\158\159\160\171\172\173\174\175\240\241\242\243\244\255\256\257\258\259\406\412\434\440\470\476\571\577\599\605\635\641\791\797\819\825\855\861\1077\1083\1105\1111\1141\1147\1441\1447\1469\1475\1505\1511\1896\1902\1924\1930\1960\1966|                                                                                                                                                                                                             ,-- 16
                                                           |                                                                                                                                                                                                                                                                                                                                                                                                                   |                                                                                                                                                                                                                                                                                                                                                                                                                                                                                                                                                                                                                                                                                                                                                                                                                        `--197\198\199\200\201\202\203\204\205\206\207\208\281\282\283\284\285\286\287\288\289\290\291\292\448\449\484\485\613\614\649\650\833\834\869\870\1119\1120\1155\1156\1483\1484\1519\1520\1938\1939\1974\1975|                                                            ,-- 14
                                                           `--7\8\10\11\17\18\20\21\37\38\40\41\72\73\75\76\128\129\131\132\212\213\215\216\345\348\355\358\370\373\391\394\419\422\455\458\510\513\520\523\535\538\556\559\584\587\620\623\730\733\740\743\755\758\776\779\804\807\840\843\1016\1019\1026\1029\1041\1044\1062\1065\1090\1093\1126\1129\1380\1383\1390\1393\1405\1408\1426\1429\1454\1457\1490\1493\1835\1838\1845\1848\1860\1863\1881\1884\1909\1912\1945\1948|                                                                                                                                                                                                                                                                                                                                                                                                                                                                                                                                                                                                                                                                                                                                                                                                                                                                                                                                                                                                                                      `--322\323\324\325\326\327\328\329\494\659\879\1165\1529\1984--- 12
                                                                                                                                                                                                                                                                                                                                                                                                                                                                               |                                                                                                                                                                                                                                                                                                                                                                                                                                                                                                                                                                ,-- 15
                                                                                                                                                                                                                                                                                                                                                                                                                                                                               |                                                                                                                                                                                                                                                                                                                                                                                                                                                                                                                                                                |                                                                                                                                                                                                                                                    ,-- 11
                                                                                                                                                                                                                                                                                                                                                                                                                                                                               `--5\6\9\15\16\19\35\36\39\70\71\74\126\127\130\210\211\214\342\344\347\352\354\357\367\369\372\388\390\393\416\418\421\452\454\457\507\509\512\517\519\522\532\534\537\553\555\558\581\583\586\617\619\622\727\729\732\737\739\742\752\754\757\773\775\778\801\803\806\837\839\842\1013\1015\1018\1023\1025\1028\1038\1040\1043\1059\1061\1064\1087\1089\1092\1123\1125\1128\1377\1379\1382\1387\1389\1392\1402\1404\1407\1423\1425\1428\1451\1453\1456\1487\1489\1492\1832\1834\1837\1842\1844\1847\1857\1859\1862\1878\1880\1883\1906\1908\1911\1942\1944\1947|                                                                                                                                                                                                                                                    |                                                                                                                                                                                                                                                                                                                                                                                                                                                                                                                                                                                                                 ,-- 6
                                                                                                                                                                                                                                                                                                                                                                                                                                                                                                                                                                                                                                                                                                                                                                                                                                                                                                                                                                                                                                                `--330\331\334\340\350\365\386\414\450\495\496\499\505\515\530\551\579\615\715\716\719\725\735\750\771\799\835\1001\1002\1005\1011\1021\1036\1057\1085\1121\1365\1366\1369\1375\1385\1400\1421\1449\1485\1820\1821\1824\1830\1840\1855\1876\1904\1940|                                                                                                                                                                                                                                                                                                                                                                                             ,--990\991\992\993\994\995\996\997\998\999\1000\1276\1277\1278\1279\1280\1281\1282\1283\1284\1285\1286\1640\1641\1642\1643\1644\1645\1646\1647\1648\1649\1650\2095\2096\2097\2098\2099\2100\2101\2102\2103\2104\2105--- 8
                                                                                                                                                                                                                                                                                                                                                                                                                                                                                                                                                                                                                                                                                                                                                                                                                                                                                                                                                                                                                                                                                                                                                                                                                                                                                                     `--880\881\883\886\890\895\901\908\916\925\935\936\938\941\945\950\956\963\971\980\1166\1167\1169\1172\1176\1181\1187\1194\1202\1211\1221\1222\1224\1227\1231\1236\1242\1249\1257\1266\1530\1531\1533\1536\1540\1545\1551\1558\1566\1575\1585\1586\1588\1591\1595\1600\1606\1613\1621\1630\1985\1986\1988\1991\1995\2000\2006\2013\2021\2030\2040\2041\2043\2046\2050\2055\2061\2068\2076\2085|                                                                                                                                                                                                                                                                                                                                           ,-- 2
                                                                                                                                                                                                                                                                                                                                                                                                                                                                                                                                                                                                                                                                                                                                                                                                                                                                                                                                                                                                                                                                                                                                                                                                                                                                                                                                                                                                                                                                                                                                                                                                                                                                                                   `--1342\1343\1344\1345\1346\1347\1348\1349\1350\1351\1352\1353\1354\1355\1356\1357\1358\1359\1360\1361\1362\1363\1706\1707\1708\1709\1710\1711\1712\1713\1714\1715\1716\1717\1718\1719\1720\1721\1722\1723\1724\1725\1726\1727\2161\2162\2163\2164\2165\2166\2167\2168\2169\2170\2171\2172\2173\2174\2175\2176\2177\2178\2179\2180\2181\2182|                                                                                                                                   ,-- 3
                                                                                                                                                                                                                                                                                                                                                                                                                                                                                                                                                                                                                                                                                                                                                                                                                                                                                                                                                                                                                                                                                                                                                                                                                                                                                                                                                                                                                                                                                                                                                                                                                                                                                                                                                                                                                                                                                                                                                                                                                                               `--1807\1808\1809\1810\1811\1812\1813\1814\1815\1816\1817\1818\1819\2262\2263\2264\2265\2266\2267\2268\2269\2270\2271\2272\2273\2274|                                                                       ,-- 5
                                                                                                                                                                                                                                                                                                                                                                                                                                                                                                                                                                                                                                                                                                                                                                                                                                                                                                                                                                                                                                                                                                                                                                                                                                                                                                                                                                                                                                                                                                                                                                                                                                                                                                                                                                                                                                                                                                                                                                                                                                                                                                                                                                                   `--2366\2367\2368\2369\2370\2371\2372\2373\2374\2375\2376\2377\2378\2379--- 1
apo 0.00 secs. 
Collapsing trees with TBR 
Selecting tree(s) 1,  
1 trees selected 
Closing tmp.tre (with 1 trees saved)
tsave 0.00 secs. 


        ------------------------------------------------------------
        Group supports are calculated by TBR-swapping the trees
        found, keeping note of the number of steps needed to
        loose each group.  The labels on branches show absolute
        and relative bremer supports (Goloboff & Farris 2001).
        Groups indicated with a question mark (?) are those
        for which the absolute bremer supports appear to be
        10 or more... 
        ------------------------------------------------------------ 
Suboptimal 10.000 x 0.000 
Reading from tmp.tre 
'tree(s) from TNT, for data in data/tnt_matrix/tnt_matrix_n17.tnt'
1 trees read (trees 1-1) 
tread 0.00 secs. 
Again reading from aquickie.run 
Copied legends: "Bremer supports (from 0 trees, cut 0)" 
bsupport 0.00 secs. 
Suboptimal 10.000 x 0.900 
Note: TBR-swapping used to approximate supports 
Copied legends: "Relative bremer supports (from 0 trees, cut 0)" 
bsupport 0.00 secs. 
 
Bremer supports (from 0 trees, cut 0)/Relative bremer supports (from 0 trees, cut 0) 
    ,--/ 13
    |          ,--/ 7
|--/|          |          ,--/ 0
    `--10?/100?|          |                     ,--/ 9
               |          |                     |                     ,--/ 10
               `--10?/100?|          ,--10?/100?|          ,--10?/100?---/ 4
                          |          |          `--10?/100?|          ,--/ 16
                          |          |                     `--10?/100?|          ,--/ 14
                          `--10?/100?|                                `--10?/100?---/ 12
                                     |          ,--/ 15
                                     |          |          ,--/ 11
                                     `--10?/100?|          |                     ,--/ 6
                                                `--10?/100?|          ,--10?/100?---/ 8
                                                           `--10?/100?|          ,--/ 2
                                                                      `--10?/100?|          ,--/ 3
                                                                                 `--10?/100?|          ,--/ 5
                                                                                            `--10?/100?---/ 1
Suboptimal 0.000 x 0.900 
1 trees in memory 
 
WARNING: 
Existing tree-tags will be erased 
 


        ------------------------------------------------------------
        Resampling is done with 100 replications of symmetric 
        resampling (see Goloboff et al. 2003), analyzing each data 
        set with a single random addition sequence plus TBR
        (collapsing the resulting tree with TBR, see Goloboff &
        Farris, 2001).  The labels on branches show frequency and 
        frequency differences (see Goloboff et al. 2003).
        ------------------------------------------------------------ 
Collapsing trees with TBR 
Copied legends: "Group freqs., 100 replicates, cut=50 (tree 0) - Symmetric Resampling (P=33)" 
Copied legends: "GC values, 100 replicates, cut=0 (tree 1) - Symmetric Resampling (P=33)" 
 
1.00 secs. to complete resampling 
1 trees in memory 
 
Group freqs., 100 replicates, cut=50 (tree 0) - Symmetric Resampling (P=33)/GC values, 100 replicates, cut=0 (tree 1) - Symmetric Resampling (P=33) 
    ,--/ 13
    |         ,--/ 7
|--/|         |         ,--/ 0
    `--100/100|         |                   ,--/ 9
              |         |                   |                   ,--/ 10
              `--100/100|         ,--100/100|         ,--100/100---/ 4
                        |         |         `--100/100|         ,--/ 16
                        |         |                   `--100/100|         ,--/ 14
                        `--100/100|                             `--100/100---/ 12
                                  |         ,--/ 15
                                  |         |         ,--/ 11
                                  `--100/100|         |                   ,--/ 6
                                            `--100/100|         ,--100/100---/ 8
                                                      `--100/100|         ,--/ 2
                                                                `--100/100|         ,--/ 3
                                                                          `--100/100|         ,--/ 5
                                                                                    `--100/100---/ 1
Saved trees (Nexus format) to file aquickie.tre 
Results saved (as text) to file aquickie.out 

