Watch is ON 
Collapsing trees with TBR 
Time reset 
Tree file: tmp.tre 
tsave 0.00 secs. 
Record search status: every 1 rep(s). 


        ------------------------------------------------------------
        Search routine used: 
           finding optimal score 20 times independently, using defaults
           of "xmult" plus 10 cycles of tree-drifting (Goloboff
           1999).
           Note: for consensus calculation, trees TBR-collapsed. 
           ALSO NOTE: THIS IS AN OVERKILL FOR MOST DATA SETS!
        ------------------------------------------------------------ 
Space for 100 trees in memory 
Repl. Algor.     Tree        Score       Best Score   Time       Rearrangs.
5     FUSE       5           210         210          0:00:00    35,724        
5     FUSE       5           ------      210          0:00:00    35,724        
Completed search.
Total rearrangements examined: 35,724. 
No target score defined.  Best score hit 1 times.
Best score: 210.  1 trees retained. 
xmult 0.00 secs. 
1 trees saved to tmp.tre           
save 0.00 secs. 
 
Note: for consensus calculation, trees will be 
temporarily collapsed (with TBR) 
Strict consensus of 1 trees (0 taxa excluded) calculated, as tree 1 
nelsen 0.00 secs. 


        ------------------------------------------------------------
        Synapomorphies of 1 trees plotted on the strict 
        consensus.  Only unambiguous synapomorphies, occuring in 
        every tree, are indicated. This makes results much more 
        conservative! 
        ------------------------------------------------------------ 
Collapsing branches with no possible support ("rule 3") 
 
Synapomorphies common to 1 trees 
   ,-- 4
   |  ,-- 0
|--|  |                                                                                                                                          ,-- 5
   `--|                                                        ,--115\116\117\118\119\120\121\122\123\124\171\172\173\174\175\176\177\178\179\180|                             ,-- 3
      |                                                        |                                                                                 `--203\204\205\206\207\208\209--- 9
      `--65\66\67\68\69\100\101\102\103\104\156\157\158\159\160|                                                                                 ,-- 6
                                                               |                                                                                 |                                                                                                    ,-- 2
                                                               `--45\46\48\51\55\56\58\61\80\81\83\86\90\91\93\96\136\137\139\142\146\147\149\152|                                                              ,--2\3\13\14\23\24\43\44\78\79\134\135--- 7
                                                                                                                                                 `--6\7\9\10\16\17\19\20\36\37\39\40\71\72\74\75\127\128\130\131|                                    ,-- 1
                                                                                                                                                                                                                `--0\1\8\11\18\21\38\41\73\76\129\132--- 8
apo 0.00 secs. 
Collapsing trees with TBR 
Selecting tree(s) 1,  
1 trees selected 
Closing tmp.tre (with 1 trees saved)
tsave 0.00 secs. 


        ------------------------------------------------------------
        Group supports are calculated by TBR-swapping the trees
        found, keeping note of the number of steps needed to
        loose each group.  The labels on branches show absolute
        and relative bremer supports (Goloboff & Farris 2001).
        Groups indicated with a question mark (?) are those
        for which the absolute bremer supports appear to be
        10 or more... 
        ------------------------------------------------------------ 
Suboptimal 10.000 x 0.000 
Reading from tmp.tre 
'tree(s) from TNT, for data in data/tnt_matrix/tnt_matrix_n10.tnt'
1 trees read (trees 1-1) 
tread 0.00 secs. 
Again reading from aquickie.run 
Copied legends: "Bremer supports (from 8 trees, cut 0)" 
bsupport 0.00 secs. 
Suboptimal 10.000 x 0.900 
Note: TBR-swapping used to approximate supports 
Copied legends: "Relative bremer supports (from 0 trees, cut 0)" 
bsupport 0.00 secs. 
 
Bremer supports (from 8 trees, cut 0)/Relative bremer supports (from 0 trees, cut 0) 
    ,--/ 4
    |          ,--/ 0
|--/|          |                     ,--/ 5
    `--10?/100?|          ,--10?/100?|        ,--/ 3
               |          |          `--7/100?---/ 9
               `--10?/100?|          ,--/ 6
                          |          |                     ,--/ 2
                          `--10?/100?|          ,--10?/100?---/ 7
                                     `--10?/100?|          ,--/ 1
                                                `--10?/100?---/ 8
Suboptimal 0.000 x 0.900 
1 trees in memory 
 
WARNING: 
Existing tree-tags will be erased 
 
Results saved (as text) to file aquickie.out 

