Watch is ON 
Collapsing trees with TBR 
Time reset 
Tree file: tmp.tre 
tsave 0.00 secs. 
Record search status: every 1 rep(s). 


        ------------------------------------------------------------
        Search routine used: 
           finding optimal score 20 times independently, using defaults
           of "xmult" plus 10 cycles of tree-drifting (Goloboff
           1999).
           Note: for consensus calculation, trees TBR-collapsed. 
           ALSO NOTE: THIS IS AN OVERKILL FOR MOST DATA SETS!
        ------------------------------------------------------------ 
Space for 100 trees in memory 
Repl. Algor.     Tree        Score       Best Score   Time       Rearrangs.
0     FUSE       5           15          15           0:00:00    6,405         
1     FUSE       5           15          15           0:00:00    12,810        
2     FUSE       5           15          15           0:00:00    19,215        
3     FUSE       5           15          15           0:00:00    25,620        
4     FUSE       5           15          15           0:00:00    32,025        
5     FUSE       5           15          15           0:00:00    38,430        
6     FUSE       5           15          15           0:00:00    44,835        
7     FUSE       5           15          15           0:00:00    51,240        
8     FUSE       5           15          15           0:00:00    57,645        
9     FUSE       5           15          15           0:00:00    64,050        
10    FUSE       5           15          15           0:00:00    70,455        
11    FUSE       5           15          15           0:00:00    76,860        
12    FUSE       5           15          15           0:00:00    83,265        
13    FUSE       5           15          15           0:00:00    89,670        
14    FUSE       5           15          15           0:00:00    96,075        
15    FUSE       5           15          15           0:00:00    102,480       
16    FUSE       5           15          15           0:00:00    108,885       
17    FUSE       5           15          15           0:00:00    115,290       
18    FUSE       5           15          15           0:00:00    121,695       
19    FUSE       5           15          15           0:00:00    128,100       
19    FUSE       5           ------      15           0:00:00    128,100       
Completed search.
Total rearrangements examined: 128,100. 
No target score defined.  Best score hit 20 times.
Best score: 15.  1 trees retained. 
xmult 0.00 secs. 
1 trees saved to tmp.tre           
save 0.00 secs. 
 
Note: for consensus calculation, trees will be 
temporarily collapsed (with TBR) 
Strict consensus of 1 trees (0 taxa excluded) calculated, as tree 1 
nelsen 0.00 secs. 


        ------------------------------------------------------------
        Synapomorphies of 1 trees plotted on the strict 
        consensus.  Only unambiguous synapomorphies, occuring in 
        every tree, are indicated. This makes results much more 
        conservative! 
        ------------------------------------------------------------ 
Collapsing branches with no possible support ("rule 3") 
 
Synapomorphies common to 1 trees 
   ,-- 3
|--|  ,-- 1
   `--|       ,-- 4
      `--0\1\5|         ,-- 2
              `--2\3\6\7|          ,-- 5
                        `--12\13\14--- 0
apo 0.00 secs. 
Collapsing trees with TBR 
Selecting tree(s) 1,  
1 trees selected 
Closing tmp.tre (with 1 trees saved)
tsave 0.00 secs. 


        ------------------------------------------------------------
        Group supports are calculated by TBR-swapping the trees
        found, keeping note of the number of steps needed to
        loose each group.  The labels on branches show absolute
        and relative bremer supports (Goloboff & Farris 2001).
        Groups indicated with a question mark (?) are those
        for which the absolute bremer supports appear to be
        10 or more... 
        ------------------------------------------------------------ 
Suboptimal 10.000 x 0.000 
Reading from tmp.tre 
'tree(s) from TNT, for data in data/tnt_matrix/tnt_matrix_n6.tnt'
1 trees read (trees 1-1) 
tread 0.00 secs. 
Again reading from aquickie.run 
Copied legends: "Bremer supports (from 52 trees, cut 0)" 
bsupport 0.00 secs. 
Suboptimal 10.000 x 0.900 
Note: TBR-swapping used to approximate supports 
Copied legends: "Relative bremer supports (from 0 trees, cut 0)" 
bsupport 0.00 secs. 
 
Bremer supports (from 52 trees, cut 0)/Relative bremer supports (from 0 trees, cut 0) 
    ,--/ 3
|--/|          ,--/ 1
    `--10?/100?|        ,--/ 4
               `--3/100?|        ,--/ 2
                        `--4/100?|        ,--/ 5
                                 `--3/100?---/ 0
Suboptimal 0.000 x 0.900 
1 trees in memory 
 
WARNING: 
Existing tree-tags will be erased 
 


        ------------------------------------------------------------
        Resampling is done with 100 replications of symmetric 
        resampling (see Goloboff et al. 2003), analyzing each data 
        set with a single random addition sequence plus TBR
        (collapsing the resulting tree with TBR, see Goloboff &
        Farris, 2001).  The labels on branches show frequency and 
        frequency differences (see Goloboff et al. 2003).
        ------------------------------------------------------------ 
Collapsing trees with TBR 
Copied legends: "Group freqs., 100 replicates, cut=50 (tree 0) - Symmetric Resampling (P=33)" 
Copied legends: "GC values, 100 replicates, cut=0 (tree 1) - Symmetric Resampling (P=33)" 
 
0.00 secs. to complete resampling 
1 trees in memory 
 
Group freqs., 100 replicates, cut=50 (tree 0) - Symmetric Resampling (P=33)/GC values, 100 replicates, cut=0 (tree 1) - Symmetric Resampling (P=33) 
    ,--/ 3
|--/|         ,--/ 1
    `--100/100|       ,--/ 4
              `--91/91|         ,--/ 2
                      `--100/100|       ,--/ 5
                                `--98/98---/ 0
Saved trees (Nexus format) to file aquickie.tre 
Results saved (as text) to file aquickie.out 

