Watch is ON 
Collapsing trees with TBR 
Time reset 
Tree file: tmp.tre 
tsave 0.00 secs. 
Record search status: every 1 rep(s). 


        ------------------------------------------------------------
        Search routine used: 
           finding optimal score 20 times independently, using defaults
           of "xmult" plus 10 cycles of tree-drifting (Goloboff
           1999).
           Note: for consensus calculation, trees TBR-collapsed. 
           ALSO NOTE: THIS IS AN OVERKILL FOR MOST DATA SETS!
        ------------------------------------------------------------ 
Space for 1000 trees in memory 
Repl. Algor.     Tree        Score       Best Score   Time       Rearrangs.
0     FUSE       5           1365        1365         0:00:00    164,100       
1     FUSE       5           1365        1365         0:00:00    328,014       
2     FUSE       5           1365        1365         0:00:00    492,024       
3     FUSE       5           1365        1365         0:00:00    655,806       
4     FUSE       5           1365        1365         0:00:00    820,134       
5     FUSE       5           1365        1365         0:00:01    984,048       
6     FUSE       5           1365        1365         0:00:01    1,147,554     
7     FUSE       5           1365        1365         0:00:01    1,311,288     
8     FUSE       5           1365        1365         0:00:01    1,474,566     
9     FUSE       5           1365        1365         0:00:01    1,638,390     
10    FUSE       5           1365        1365         0:00:01    1,801,848     
11    FUSE       5           1365        1365         0:00:01    1,965,402     
12    FUSE       5           1365        1365         0:00:01    2,128,908     
13    FUSE       5           1365        1365         0:00:01    2,293,008     
14    FUSE       5           1365        1365         0:00:01    2,457,474     
15    FUSE       5           1365        1365         0:00:01    2,621,436     
16    FUSE       5           1365        1365         0:00:01    2,785,626     
17    FUSE       5           1365        1365         0:00:01    2,949,726     
18    FUSE       5           1365        1365         0:00:01    3,114,192     
19    FUSE       5           1365        1365         0:00:02    3,277,836     
19    FUSE       5           ------      1365         0:00:02    3,277,836     
Completed search.
Total rearrangements examined: 3,277,836. 
No target score defined.  Best score hit 20 times.
Best score: 1365.  1 trees retained. 
xmult 2.00 secs. 
1 trees saved to tmp.tre           
save 0.00 secs. 
 
Note: for consensus calculation, trees will be 
temporarily collapsed (with TBR) 
Strict consensus of 1 trees (0 taxa excluded) calculated, as tree 1 
nelsen 0.00 secs. 


        ------------------------------------------------------------
        Synapomorphies of 1 trees plotted on the strict 
        consensus.  Only unambiguous synapomorphies, occuring in 
        every tree, are indicated. This makes results much more 
        conservative! 
        ------------------------------------------------------------ 
Collapsing branches with no possible support ("rule 3") 
 
Synapomorphies common to 1 trees 
   ,-- 5
   |                                                                                                                                                     ,-- 4
   |  ,--20\21\24\33\63\91\92\95\102\122\154\199\238\283\351\352\355\362\382\431\467\523\568\677\743\788\897\1022\1023\1026\1033\1053\1102\1138\1238\1304|                                                                                                                                   ,-- 3
|--|  |                                                                                                                                                  `--356\357\358\359\364\384\401\402\403\404\406\413\433\448\469\484\679\694\899\914\1181\1182\1183\1184\1186\1193\1208\1217\1282\1348|                                                                                                    ,-- 2
   |  |                                                                                                                                                                                                                                                                                      `--392\393\394\395\400\405\411\446\482\692\912\1194\1195\1196\1197\1199\1200\1201\1210\1219\1284\1350|                                                             ,-- 0
   `--|                                                                                                                                                                                                                                                                                                                                                                                           `--1063\1064\1065\1066\1071\1076\1082\1117\1153\1198\1253\1319--- 1
      |                                                                                                                                                            ,-- 6
      `--1\4\11\15\18\27\41\57\70\73\82\107\132\148\184\216\232\268\330\333\342\367\416\452\501\517\553\662\721\737\773\882\1001\1004\1013\1038\1087\1123\1223\1289|                                                                                                                                                                       ,-- 7
                                                                                                                                                                   `--35\38\39\43\47\52\55\59\66\105\109\116\163\168\177\204\247\252\261\288\365\369\376\436\472\532\537\546\573\682\752\757\766\793\902\1036\1040\1047\1107\1143\1243\1309|                                                                                                                                                                               ,-- 8
                                                                                                                                                                                                                                                                                                                                           `--161\162\165\166\167\170\172\173\175\176\179\181\203\206\208\316\317\319\321\329\435\438\440\493\601\602\604\606\614\703\821\822\824\826\834\923\1106\1109\1111\1164\1264\1330|                                                                                                                                                                      ,-- 9
                                                                                                                                                                                                                                                                                                                                                                                                                                                                                                                           `--127\128\133\136\137\142\149\156\164\171\185\192\294\295\300\309\315\322\417\424\486\579\580\585\594\600\607\696\799\800\805\814\820\827\916\1088\1095\1157\1257\1323|                                                                                                                                                     ,-- 10
                                                                                                                                                                                                                                                                                                                                                                                                                                                                                                                                                                                                                                                                                                  `--211\212\217\220\221\226\233\240\248\255\269\276\297\304\453\460\615\616\621\630\636\643\651\705\835\836\841\850\856\863\871\925\1124\1131\1266\1332|                                                                                                                            ,-- 11
                                                                                                                                                                                                                                                                                                                                                                                                                                                                                                                                                                                                                                                                                                                                                                                                                                                        `--223\224\225\229\243\258\279\307\463\618\619\620\624\633\639\646\654\708\838\839\840\844\853\859\866\874\928\1134\1269\1335|                                                                                           ,-- 12
                                                                                                                                                                                                                                                                                                                                                                                                                                                                                                                                                                                                                                                                                                                                                                                                                                                                                                                                                                                     `--728\729\730\734\748\763\784\812\848\893\938\939\940\944\953\959\966\974\983\993\1300\1356|                                                  ,-- 14
                                                                                                                                                                                                                                                                                                                                                                                                                                                                                                                                                                                                                                                                                                                                                                                                                                                                                                                                                                                                                                                                                 `--945\946\947\948\949\955\961\968\976\985\995\1358--- 13
apo 0.00 secs. 
Collapsing trees with TBR 
Selecting tree(s) 1,  
1 trees selected 
Closing tmp.tre (with 1 trees saved)
tsave 0.00 secs. 


        ------------------------------------------------------------
        Group supports are calculated by TBR-swapping the trees
        found, keeping note of the number of steps needed to
        loose each group.  The labels on branches show absolute
        and relative bremer supports (Goloboff & Farris 2001).
        Groups indicated with a question mark (?) are those
        for which the absolute bremer supports appear to be
        10 or more... 
        ------------------------------------------------------------ 
Suboptimal 10.000 x 0.000 
Reading from tmp.tre 
'tree(s) from TNT, for data in data/tnt_matrix/tnt_matrix_n15.tnt'
1 trees read (trees 1-1) 
tread 0.00 secs. 
Again reading from aquickie.run 
Copied legends: "Bremer supports (from 0 trees, cut 0)" 
bsupport 0.00 secs. 
Suboptimal 10.000 x 0.900 
Note: TBR-swapping used to approximate supports 
Copied legends: "Relative bremer supports (from 0 trees, cut 0)" 
bsupport 0.00 secs. 
 
Bremer supports (from 0 trees, cut 0)/Relative bremer supports (from 0 trees, cut 0) 
    ,--/ 5
    |                     ,--/ 4
    |          ,--10?/100?|          ,--/ 3
|--/|          |          `--10?/100?|          ,--/ 2
    |          |                     `--10?/100?|          ,--/ 0
    `--10?/100?|                                `--10?/100?---/ 1
               |          ,--/ 6
               `--10?/100?|          ,--/ 7
                          `--10?/100?|          ,--/ 8
                                     `--10?/100?|          ,--/ 9
                                                `--10?/100?|          ,--/ 10
                                                           `--10?/100?|          ,--/ 11
                                                                      `--10?/100?|          ,--/ 12
                                                                                 `--10?/100?|          ,--/ 14
                                                                                            `--10?/100?---/ 13
Suboptimal 0.000 x 0.900 
1 trees in memory 
 
WARNING: 
Existing tree-tags will be erased 
 


        ------------------------------------------------------------
        Resampling is done with 100 replications of symmetric 
        resampling (see Goloboff et al. 2003), analyzing each data 
        set with a single random addition sequence plus TBR
        (collapsing the resulting tree with TBR, see Goloboff &
        Farris, 2001).  The labels on branches show frequency and 
        frequency differences (see Goloboff et al. 2003).
        ------------------------------------------------------------ 
Collapsing trees with TBR 
Copied legends: "Group freqs., 100 replicates, cut=50 (tree 0) - Symmetric Resampling (P=33)" 
Copied legends: "GC values, 100 replicates, cut=0 (tree 1) - Symmetric Resampling (P=33)" 
 
0.00 secs. to complete resampling 
1 trees in memory 
 
Group freqs., 100 replicates, cut=50 (tree 0) - Symmetric Resampling (P=33)/GC values, 100 replicates, cut=0 (tree 1) - Symmetric Resampling (P=33) 
    ,--/ 5
    |                   ,--/ 4
    |         ,--100/100|         ,--/ 3
|--/|         |         `--100/100|         ,--/ 2
    |         |                   `--100/100|         ,--/ 0
    `--100/100|                             `--100/100---/ 1
              |         ,--/ 6
              `--100/100|         ,--/ 7
                        `--100/100|         ,--/ 8
                                  `--100/100|         ,--/ 9
                                            `--100/100|         ,--/ 10
                                                      `--100/100|         ,--/ 11
                                                                `--100/100|         ,--/ 12
                                                                          `--100/100|         ,--/ 14
                                                                                    `--100/100---/ 13
Saved trees (Nexus format) to file aquickie.tre 
Results saved (as text) to file aquickie.out 

